#
# There is insufficient memory for the Java Runtime Environment to continue.
# Native memory allocation (malloc) failed to allocate 1527536 bytes for Chunk::new
# Possible reasons:
#   The system is out of physical RAM or swap space
#   The process is running with CompressedOops enabled, and the Java Heap may be blocking the growth of the native heap
# Possible solutions:
#   Reduce memory load on the system
#   Increase physical memory or swap space
#   Check if swap backing store is full
#   Decrease Java heap size (-Xmx/-Xms)
#   Decrease number of Java threads
#   Decrease Java thread stack sizes (-Xss)
#   Set larger code cache with -XX:ReservedCodeCacheSize=
#   JVM is running with Unscaled Compressed Oops mode in which the Java heap is
#     placed in the first 4GB address space. The Java Heap base address is the
#     maximum limit for the native heap growth. Please use -XX:HeapBaseMinAddress
#     to set the Java Heap base and to place the Java Heap above 4GB virtual address.
# This output file may be truncated or incomplete.
#
#  Out of Memory Error (./src/hotspot/share/memory/arena.cpp:197), pid=65152, tid=64800
#
# JRE version: OpenJDK Runtime Environment (11.0.15.1+2) (build 11.0.15.1+2-LTS)
# Java VM: OpenJDK 64-Bit Server VM (11.0.15.1+2-LTS, mixed mode, tiered, compressed oops, g1 gc, windows-amd64)
# No core dump will be written. Minidumps are not enabled by default on client versions of Windows
#

---------------  S U M M A R Y ------------

Command Line: -XX:MaxMetaspaceSize=256m -XX:+HeapDumpOnOutOfMemoryError --add-opens=java.base/java.util=ALL-UNNAMED --add-opens=java.base/java.lang=ALL-UNNAMED --add-opens=java.base/java.lang.invoke=ALL-UNNAMED --add-opens=java.base/java.util=ALL-UNNAMED --add-opens=java.prefs/java.util.prefs=ALL-UNNAMED --add-opens=java.prefs/java.util.prefs=ALL-UNNAMED --add-opens=java.base/java.nio.charset=ALL-UNNAMED --add-opens=java.base/java.net=ALL-UNNAMED --add-opens=java.base/java.util.concurrent.atomic=ALL-UNNAMED -Xms256m -Xmx512m -Dfile.encoding=windows-1251 -Duser.country=RU -Duser.language=ru -Duser.variant org.gradle.launcher.daemon.bootstrap.GradleDaemon 7.4

Host: AMD Ryzen 5 4600H with Radeon Graphics         , 12 cores, 15G,  Windows 10 , 64 bit Build 19041 (10.0.19041.2364)
Time: Fri Dec 23 12:04:41 2022 RTZ 2 (s 10 , 64 bit Build 19041 (10.0.19041.2364) elapsed time: 6.307093 seconds (0d 0h 0m 6s)

---------------  T H R E A D  ---------------

Current thread (0x000001f37c885800):  JavaThread "C2 CompilerThread1" daemon [_thread_in_native, id=64800, stack(0x0000005022e00000,0x0000005022f00000)]


Current CompileTask:
C2:   6307 2851       4       java.util.AbstractCollection::addAll (42 bytes)

Stack: [0x0000005022e00000,0x0000005022f00000]
Native frames: (J=compiled Java code, j=interpreted, Vv=VM code, C=native code)
V  [jvm.dll+0x61a02a]
V  [jvm.dll+0x7a4a49]
V  [jvm.dll+0x7a6229]
V  [jvm.dll+0x7a6913]
V  [jvm.dll+0x24dfe8]
V  [jvm.dll+0xc21fc]
V  [jvm.dll+0xc27bc]
V  [jvm.dll+0x357537]
V  [jvm.dll+0x3237d3]
V  [jvm.dll+0x322b0a]
V  [jvm.dll+0x207985]
V  [jvm.dll+0x206b9d]
V  [jvm.dll+0x18a411]
V  [jvm.dll+0x216004]
V  [jvm.dll+0x21424b]
V  [jvm.dll+0x767850]
V  [jvm.dll+0x7606e4]
V  [jvm.dll+0x618e86]
C  [ucrtbase.dll+0x21bb2]
C  [KERNEL32.DLL+0x17614]
C  [ntdll.dll+0x526a1]


---------------  P R O C E S S  ---------------

Threads class SMR info:
_java_thread_list=0x000001f37abb31e0, length=34, elements={
0x000001f36c5f0000, 0x000001f379226800, 0x000001f379a6a800, 0x000001f379abb000,
0x000001f379abc000, 0x000001f379abd000, 0x000001f379ac0000, 0x000001f379ac1000,
0x000001f379aca000, 0x000001f379c4c800, 0x000001f37b46f800, 0x000001f37bcae000,
0x000001f37c071800, 0x000001f37a681800, 0x000001f37c90b800, 0x000001f379e37800,
0x000001f37c75d800, 0x000001f37c705800, 0x000001f37bf9a800, 0x000001f37ca24000,
0x000001f37ca25800, 0x000001f37ca26800, 0x000001f37ca27000, 0x000001f37c885800,
0x000001f37ca28000, 0x000001f37ca2a800, 0x000001f37ca28800, 0x000001f37ca29800,
0x000001f37ca24800, 0x000001f37cfa7000, 0x000001f37cfa6000, 0x000001f37cfa7800,
0x000001f37cfa8800, 0x000001f37d2c9000
}

Java Threads: ( => current thread )
  0x000001f36c5f0000 JavaThread "main" [_thread_blocked, id=65228, stack(0x0000005020500000,0x0000005020600000)]
  0x000001f379226800 JavaThread "Reference Handler" daemon [_thread_blocked, id=65264, stack(0x0000005020c00000,0x0000005020d00000)]
  0x000001f379a6a800 JavaThread "Finalizer" daemon [_thread_blocked, id=65260, stack(0x0000005020d00000,0x0000005020e00000)]
  0x000001f379abb000 JavaThread "Signal Dispatcher" daemon [_thread_blocked, id=65196, stack(0x0000005020e00000,0x0000005020f00000)]
  0x000001f379abc000 JavaThread "Attach Listener" daemon [_thread_blocked, id=65224, stack(0x0000005020f00000,0x0000005021000000)]
  0x000001f379abd000 JavaThread "Service Thread" daemon [_thread_blocked, id=65256, stack(0x0000005021000000,0x0000005021100000)]
  0x000001f379ac0000 JavaThread "C2 CompilerThread0" daemon [_thread_in_native, id=63756, stack(0x0000005021100000,0x0000005021200000)]
  0x000001f379ac1000 JavaThread "C1 CompilerThread0" daemon [_thread_blocked, id=65240, stack(0x0000005021200000,0x0000005021300000)]
  0x000001f379aca000 JavaThread "Sweeper thread" daemon [_thread_blocked, id=65244, stack(0x0000005021300000,0x0000005021400000)]
  0x000001f379c4c800 JavaThread "Common-Cleaner" daemon [_thread_blocked, id=65284, stack(0x0000005021400000,0x0000005021500000)]
  0x000001f37b46f800 JavaThread "Daemon health stats" [_thread_blocked, id=65400, stack(0x0000005021d00000,0x0000005021e00000)]
  0x000001f37bcae000 JavaThread "Incoming local TCP Connector on port 65425" [_thread_in_native, id=64772, stack(0x0000005021600000,0x0000005021700000)]
  0x000001f37c071800 JavaThread "Daemon periodic checks" [_thread_blocked, id=64736, stack(0x0000005021700000,0x0000005021800000)]
  0x000001f37a681800 JavaThread "Daemon" [_thread_blocked, id=64880, stack(0x0000005021e00000,0x0000005021f00000)]
  0x000001f37c90b800 JavaThread "Handler for socket connection from /127.0.0.1:65425 to /127.0.0.1:65428" [_thread_in_native, id=63932, stack(0x0000005021f00000,0x0000005022000000)]
  0x000001f379e37800 JavaThread "Cancel handler" [_thread_blocked, id=64868, stack(0x0000005022000000,0x0000005022100000)]
  0x000001f37c75d800 JavaThread "Daemon worker" [_thread_in_vm, id=64860, stack(0x0000005022100000,0x0000005022200000)]
  0x000001f37c705800 JavaThread "Asynchronous log dispatcher for DefaultDaemonConnection: socket connection from /127.0.0.1:65425 to /127.0.0.1:65428" [_thread_blocked, id=64748, stack(0x0000005022200000,0x0000005022300000)]
  0x000001f37bf9a800 JavaThread "Stdin handler" [_thread_blocked, id=61648, stack(0x0000005022300000,0x0000005022400000)]
  0x000001f37ca24000 JavaThread "Daemon client event forwarder" [_thread_blocked, id=63400, stack(0x0000005022400000,0x0000005022500000)]
  0x000001f37ca25800 JavaThread "Cache worker for journal cache (C:\Users\V\.gradle\caches\journal-1)" [_thread_blocked, id=63260, stack(0x0000005022500000,0x0000005022600000)]
  0x000001f37ca26800 JavaThread "File lock request listener" [_thread_in_native, id=63972, stack(0x0000005022600000,0x0000005022700000)]
  0x000001f37ca27000 JavaThread "Cache worker for file hash cache (C:\Users\V\.gradle\caches\7.4\fileHashes)" [_thread_blocked, id=63624, stack(0x0000005022700000,0x0000005022800000)]
=>0x000001f37c885800 JavaThread "C2 CompilerThread1" daemon [_thread_in_native, id=64800, stack(0x0000005022e00000,0x0000005022f00000)]
  0x000001f37ca28000 JavaThread "File watcher server" daemon [_thread_in_native, id=64804, stack(0x0000005022f00000,0x0000005023000000)]
  0x000001f37ca2a800 JavaThread "File watcher consumer" daemon [_thread_blocked, id=64412, stack(0x0000005023000000,0x0000005023100000)]
  0x000001f37ca28800 JavaThread "Cache worker for checksums cache (D:\IdeaProject\spring-cloud\spring-eurika-server\.gradle\7.4\checksums)" [_thread_blocked, id=64768, stack(0x0000005023100000,0x0000005023200000)]
  0x000001f37ca29800 JavaThread "Cache worker for cache directory md-rule (C:\Users\V\.gradle\caches\7.4\md-rule)" [_thread_blocked, id=64840, stack(0x0000005023200000,0x0000005023300000)]
  0x000001f37ca24800 JavaThread "Cache worker for file hash cache (D:\IdeaProject\spring-cloud\spring-eurika-server\.gradle\7.4\fileHashes)" [_thread_blocked, id=64904, stack(0x0000005023300000,0x0000005023400000)]
  0x000001f37cfa7000 JavaThread "Cache worker for cache directory md-supplier (C:\Users\V\.gradle\caches\7.4\md-supplier)" [_thread_blocked, id=64876, stack(0x0000005023400000,0x0000005023500000)]
  0x000001f37cfa6000 JavaThread "Cache worker for execution history cache (C:\Users\V\.gradle\caches\7.4\executionHistory)" [_thread_blocked, id=64900, stack(0x0000005023500000,0x0000005023600000)]
  0x000001f37cfa7800 JavaThread "jar transforms" [_thread_blocked, id=59848, stack(0x0000005023600000,0x0000005023700000)]
  0x000001f37cfa8800 JavaThread "jar transforms Thread 2" [_thread_blocked, id=60832, stack(0x0000005023700000,0x0000005023800000)]
  0x000001f37d2c9000 JavaThread "C2 CompilerThread2" daemon [_thread_in_native, id=60740, stack(0x0000005023800000,0x0000005023900000)]

Other Threads:
  0x000001f379221000 VMThread "VM Thread" [stack: 0x0000005020b00000,0x0000005020c00000] [id=65236]
  0x000001f379c8c800 WatcherThread [stack: 0x0000005021500000,0x0000005021600000] [id=65268]
  0x000001f36c60a800 GCTaskThread "GC Thread#0" [stack: 0x0000005020600000,0x0000005020700000] [id=65304]
  0x000001f37b004000 GCTaskThread "GC Thread#1" [stack: 0x0000005021800000,0x0000005021900000] [id=65216]
  0x000001f37ae59800 GCTaskThread "GC Thread#2" [stack: 0x0000005021900000,0x0000005021a00000] [id=65292]
  0x000001f37ad28000 GCTaskThread "GC Thread#3" [stack: 0x0000005021a00000,0x0000005021b00000] [id=65308]
  0x000001f37ab81000 GCTaskThread "GC Thread#4" [stack: 0x0000005021b00000,0x0000005021c00000] [id=65296]
  0x000001f37a748000 GCTaskThread "GC Thread#5" [stack: 0x0000005021c00000,0x0000005021d00000] [id=65208]
  0x000001f37ca3e800 GCTaskThread "GC Thread#6" [stack: 0x0000005022800000,0x0000005022900000] [id=62208]
  0x000001f37ca23000 GCTaskThread "GC Thread#7" [stack: 0x0000005022900000,0x0000005022a00000] [id=64792]
  0x000001f37aec0800 GCTaskThread "GC Thread#8" [stack: 0x0000005022a00000,0x0000005022b00000] [id=64760]
  0x000001f37c52f800 GCTaskThread "GC Thread#9" [stack: 0x0000005022b00000,0x0000005022c00000] [id=64796]
  0x000001f36c61a800 ConcurrentGCThread "G1 Main Marker" [stack: 0x0000005020700000,0x0000005020800000] [id=65204]
  0x000001f36c61c000 ConcurrentGCThread "G1 Conc#0" [stack: 0x0000005020800000,0x0000005020900000] [id=65220]
  0x000001f37b5d2000 ConcurrentGCThread "G1 Conc#1" [stack: 0x0000005022c00000,0x0000005022d00000] [id=64764]
  0x000001f37c333000 ConcurrentGCThread "G1 Conc#2" [stack: 0x0000005022d00000,0x0000005022e00000] [id=64932]
  0x000001f3790be800 ConcurrentGCThread "G1 Refine#0" [stack: 0x0000005020900000,0x0000005020a00000] [id=65252]
  0x000001f3790bf800 ConcurrentGCThread "G1 Young RemSet Sampling" [stack: 0x0000005020a00000,0x0000005020b00000] [id=65232]

Threads with active compile tasks:
C2 CompilerThread0     6335 2910   !   4       jdk.internal.loader.URLClassPath$JarLoader::getResource (353 bytes)
C2 CompilerThread1     6335 2851       4       java.util.AbstractCollection::addAll (42 bytes)
C2 CompilerThread2     6335 2640       4       jdk.internal.loader.URLClassPath::getResource (74 bytes)

VM state:not at safepoint (normal execution)

VM Mutex/Monitor currently owned by a thread: None

OutOfMemory and StackOverflow Exception counts:
OutOfMemoryError java_heap_errors=5
LinkageErrors=54

Heap address: 0x00000000e0000000, size: 512 MB, Compressed Oops mode: 32-bit
Narrow klass base: 0x0000000000000000, Narrow klass shift: 3
Compressed class space size: 260046848 Address: 0x0000000100000000

Heap:
 garbage-first heap   total 262144K, used 30416K [0x00000000e0000000, 0x0000000100000000)
  region size 1024K, 15 young (15360K), 6 survivors (6144K)
 Metaspace       used 36783K, capacity 37647K, committed 37788K, reserved 286720K
  class space    used 4762K, capacity 5096K, committed 5196K, reserved 253952K
Heap Regions: E=young(eden), S=young(survivor), O=old, HS=humongous(starts), HC=humongous(continues), CS=collection set, F=free, A=archive, TAMS=top-at-mark-start (previous, next)
|   0|0x00000000e0000000, 0x00000000e0100000, 0x00000000e0100000|100%| O|  |TAMS 0x00000000e0100000, 0x00000000e0000000| Untracked 
|   1|0x00000000e0100000, 0x00000000e0200000, 0x00000000e0200000|100%| O|  |TAMS 0x00000000e0200000, 0x00000000e0100000| Untracked 
|   2|0x00000000e0200000, 0x00000000e0300000, 0x00000000e0300000|100%| O|  |TAMS 0x00000000e0300000, 0x00000000e0200000| Untracked 
|   3|0x00000000e0300000, 0x00000000e0400000, 0x00000000e0400000|100%|HS|  |TAMS 0x00000000e0400000, 0x00000000e0300000| Complete 
|   4|0x00000000e0400000, 0x00000000e0500000, 0x00000000e0500000|100%|HC|  |TAMS 0x00000000e0500000, 0x00000000e0400000| Complete 
|   5|0x00000000e0500000, 0x00000000e0600000, 0x00000000e0600000|100%|HC|  |TAMS 0x00000000e0600000, 0x00000000e0500000| Complete 
|   6|0x00000000e0600000, 0x00000000e0700000, 0x00000000e0700000|100%| O|  |TAMS 0x00000000e0700000, 0x00000000e0600000| Untracked 
|   7|0x00000000e0700000, 0x00000000e0800000, 0x00000000e0800000|100%| O|  |TAMS 0x00000000e0800000, 0x00000000e0700000| Untracked 
|   8|0x00000000e0800000, 0x00000000e0900000, 0x00000000e0900000|100%| O|  |TAMS 0x00000000e0900000, 0x00000000e0800000| Untracked 
|   9|0x00000000e0900000, 0x00000000e0a00000, 0x00000000e0a00000|100%| O|  |TAMS 0x00000000e0a00000, 0x00000000e0900000| Untracked 
|  10|0x00000000e0a00000, 0x00000000e0b00000, 0x00000000e0b00000|100%| O|  |TAMS 0x00000000e0b00000, 0x00000000e0a00000| Untracked 
|  11|0x00000000e0b00000, 0x00000000e0c00000, 0x00000000e0c00000|100%| O|  |TAMS 0x00000000e0c00000, 0x00000000e0b00000| Untracked 
|  12|0x00000000e0c00000, 0x00000000e0d00000, 0x00000000e0d00000|100%| O|  |TAMS 0x00000000e0d00000, 0x00000000e0c00000| Untracked 
|  13|0x00000000e0d00000, 0x00000000e0e00000, 0x00000000e0e00000|100%| O|  |TAMS 0x00000000e0e00000, 0x00000000e0d00000| Untracked 
|  14|0x00000000e0e00000, 0x00000000e0f00000, 0x00000000e0f00000|100%| O|  |TAMS 0x00000000e0f00000, 0x00000000e0e00000| Untracked 
|  15|0x00000000e0f00000, 0x00000000e1000000, 0x00000000e1000000|100%| O|  |TAMS 0x00000000e1000000, 0x00000000e0f00000| Untracked 
|  16|0x00000000e1000000, 0x00000000e104ac00, 0x00000000e1100000| 29%| O|  |TAMS 0x00000000e104ac00, 0x00000000e1000000| Untracked 
|  17|0x00000000e1100000, 0x00000000e1100000, 0x00000000e1200000|  0%| F|  |TAMS 0x00000000e1100000, 0x00000000e1100000| Untracked 
|  18|0x00000000e1200000, 0x00000000e1200000, 0x00000000e1300000|  0%| F|  |TAMS 0x00000000e1200000, 0x00000000e1200000| Untracked 
|  19|0x00000000e1300000, 0x00000000e1300000, 0x00000000e1400000|  0%| F|  |TAMS 0x00000000e1300000, 0x00000000e1300000| Untracked 
|  20|0x00000000e1400000, 0x00000000e1400000, 0x00000000e1500000|  0%| F|  |TAMS 0x00000000e1400000, 0x00000000e1400000| Untracked 
|  21|0x00000000e1500000, 0x00000000e1500000, 0x00000000e1600000|  0%| F|  |TAMS 0x00000000e1500000, 0x00000000e1500000| Untracked 
|  22|0x00000000e1600000, 0x00000000e1600000, 0x00000000e1700000|  0%| F|  |TAMS 0x00000000e1600000, 0x00000000e1600000| Untracked 
|  23|0x00000000e1700000, 0x00000000e1700000, 0x00000000e1800000|  0%| F|  |TAMS 0x00000000e1700000, 0x00000000e1700000| Untracked 
|  24|0x00000000e1800000, 0x00000000e1800000, 0x00000000e1900000|  0%| F|  |TAMS 0x00000000e1800000, 0x00000000e1800000| Untracked 
|  25|0x00000000e1900000, 0x00000000e1900000, 0x00000000e1a00000|  0%| F|  |TAMS 0x00000000e1900000, 0x00000000e1900000| Untracked 
|  26|0x00000000e1a00000, 0x00000000e1a00000, 0x00000000e1b00000|  0%| F|  |TAMS 0x00000000e1a00000, 0x00000000e1a00000| Untracked 
|  27|0x00000000e1b00000, 0x00000000e1b00000, 0x00000000e1c00000|  0%| F|  |TAMS 0x00000000e1b00000, 0x00000000e1b00000| Untracked 
|  28|0x00000000e1c00000, 0x00000000e1c00000, 0x00000000e1d00000|  0%| F|  |TAMS 0x00000000e1c00000, 0x00000000e1c00000| Untracked 
|  29|0x00000000e1d00000, 0x00000000e1d00000, 0x00000000e1e00000|  0%| F|  |TAMS 0x00000000e1d00000, 0x00000000e1d00000| Untracked 
|  30|0x00000000e1e00000, 0x00000000e1e00000, 0x00000000e1f00000|  0%| F|  |TAMS 0x00000000e1e00000, 0x00000000e1e00000| Untracked 
|  31|0x00000000e1f00000, 0x00000000e1f00000, 0x00000000e2000000|  0%| F|  |TAMS 0x00000000e1f00000, 0x00000000e1f00000| Untracked 
|  32|0x00000000e2000000, 0x00000000e2000000, 0x00000000e2100000|  0%| F|  |TAMS 0x00000000e2000000, 0x00000000e2000000| Untracked 
|  33|0x00000000e2100000, 0x00000000e2100000, 0x00000000e2200000|  0%| F|  |TAMS 0x00000000e2100000, 0x00000000e2100000| Untracked 
|  34|0x00000000e2200000, 0x00000000e2200000, 0x00000000e2300000|  0%| F|  |TAMS 0x00000000e2200000, 0x00000000e2200000| Untracked 
|  35|0x00000000e2300000, 0x00000000e2300000, 0x00000000e2400000|  0%| F|  |TAMS 0x00000000e2300000, 0x00000000e2300000| Untracked 
|  36|0x00000000e2400000, 0x00000000e2400000, 0x00000000e2500000|  0%| F|  |TAMS 0x00000000e2400000, 0x00000000e2400000| Untracked 
|  37|0x00000000e2500000, 0x00000000e2500000, 0x00000000e2600000|  0%| F|  |TAMS 0x00000000e2500000, 0x00000000e2500000| Untracked 
|  38|0x00000000e2600000, 0x00000000e2600000, 0x00000000e2700000|  0%| F|  |TAMS 0x00000000e2600000, 0x00000000e2600000| Untracked 
|  39|0x00000000e2700000, 0x00000000e2700000, 0x00000000e2800000|  0%| F|  |TAMS 0x00000000e2700000, 0x00000000e2700000| Untracked 
|  40|0x00000000e2800000, 0x00000000e2800000, 0x00000000e2900000|  0%| F|  |TAMS 0x00000000e2800000, 0x00000000e2800000| Untracked 
|  41|0x00000000e2900000, 0x00000000e2900000, 0x00000000e2a00000|  0%| F|  |TAMS 0x00000000e2900000, 0x00000000e2900000| Untracked 
|  42|0x00000000e2a00000, 0x00000000e2a00000, 0x00000000e2b00000|  0%| F|  |TAMS 0x00000000e2a00000, 0x00000000e2a00000| Untracked 
|  43|0x00000000e2b00000, 0x00000000e2b00000, 0x00000000e2c00000|  0%| F|  |TAMS 0x00000000e2b00000, 0x00000000e2b00000| Untracked 
|  44|0x00000000e2c00000, 0x00000000e2c00000, 0x00000000e2d00000|  0%| F|  |TAMS 0x00000000e2c00000, 0x00000000e2c00000| Untracked 
|  45|0x00000000e2d00000, 0x00000000e2d00000, 0x00000000e2e00000|  0%| F|  |TAMS 0x00000000e2d00000, 0x00000000e2d00000| Untracked 
|  46|0x00000000e2e00000, 0x00000000e2e00000, 0x00000000e2f00000|  0%| F|  |TAMS 0x00000000e2e00000, 0x00000000e2e00000| Untracked 
|  47|0x00000000e2f00000, 0x00000000e2f00000, 0x00000000e3000000|  0%| F|  |TAMS 0x00000000e2f00000, 0x00000000e2f00000| Untracked 
|  48|0x00000000e3000000, 0x00000000e3000000, 0x00000000e3100000|  0%| F|  |TAMS 0x00000000e3000000, 0x00000000e3000000| Untracked 
|  49|0x00000000e3100000, 0x00000000e3100000, 0x00000000e3200000|  0%| F|  |TAMS 0x00000000e3100000, 0x00000000e3100000| Untracked 
|  50|0x00000000e3200000, 0x00000000e3200000, 0x00000000e3300000|  0%| F|  |TAMS 0x00000000e3200000, 0x00000000e3200000| Untracked 
|  51|0x00000000e3300000, 0x00000000e3300000, 0x00000000e3400000|  0%| F|  |TAMS 0x00000000e3300000, 0x00000000e3300000| Untracked 
|  52|0x00000000e3400000, 0x00000000e3400000, 0x00000000e3500000|  0%| F|  |TAMS 0x00000000e3400000, 0x00000000e3400000| Untracked 
|  53|0x00000000e3500000, 0x00000000e3500000, 0x00000000e3600000|  0%| F|  |TAMS 0x00000000e3500000, 0x00000000e3500000| Untracked 
|  54|0x00000000e3600000, 0x00000000e3600000, 0x00000000e3700000|  0%| F|  |TAMS 0x00000000e3600000, 0x00000000e3600000| Untracked 
|  55|0x00000000e3700000, 0x00000000e3700000, 0x00000000e3800000|  0%| F|  |TAMS 0x00000000e3700000, 0x00000000e3700000| Untracked 
|  56|0x00000000e3800000, 0x00000000e3800000, 0x00000000e3900000|  0%| F|  |TAMS 0x00000000e3800000, 0x00000000e3800000| Untracked 
|  57|0x00000000e3900000, 0x00000000e3900000, 0x00000000e3a00000|  0%| F|  |TAMS 0x00000000e3900000, 0x00000000e3900000| Untracked 
|  58|0x00000000e3a00000, 0x00000000e3a00000, 0x00000000e3b00000|  0%| F|  |TAMS 0x00000000e3a00000, 0x00000000e3a00000| Untracked 
|  59|0x00000000e3b00000, 0x00000000e3b00000, 0x00000000e3c00000|  0%| F|  |TAMS 0x00000000e3b00000, 0x00000000e3b00000| Untracked 
|  60|0x00000000e3c00000, 0x00000000e3c00000, 0x00000000e3d00000|  0%| F|  |TAMS 0x00000000e3c00000, 0x00000000e3c00000| Untracked 
|  61|0x00000000e3d00000, 0x00000000e3d00000, 0x00000000e3e00000|  0%| F|  |TAMS 0x00000000e3d00000, 0x00000000e3d00000| Untracked 
|  62|0x00000000e3e00000, 0x00000000e3e00000, 0x00000000e3f00000|  0%| F|  |TAMS 0x00000000e3e00000, 0x00000000e3e00000| Untracked 
|  63|0x00000000e3f00000, 0x00000000e3f00000, 0x00000000e4000000|  0%| F|  |TAMS 0x00000000e3f00000, 0x00000000e3f00000| Untracked 
|  64|0x00000000e4000000, 0x00000000e4000000, 0x00000000e4100000|  0%| F|  |TAMS 0x00000000e4000000, 0x00000000e4000000| Untracked 
|  65|0x00000000e4100000, 0x00000000e4100000, 0x00000000e4200000|  0%| F|  |TAMS 0x00000000e4100000, 0x00000000e4100000| Untracked 
|  66|0x00000000e4200000, 0x00000000e4200000, 0x00000000e4300000|  0%| F|  |TAMS 0x00000000e4200000, 0x00000000e4200000| Untracked 
|  67|0x00000000e4300000, 0x00000000e4300000, 0x00000000e4400000|  0%| F|  |TAMS 0x00000000e4300000, 0x00000000e4300000| Untracked 
|  68|0x00000000e4400000, 0x00000000e4400000, 0x00000000e4500000|  0%| F|  |TAMS 0x00000000e4400000, 0x00000000e4400000| Untracked 
|  69|0x00000000e4500000, 0x00000000e4500000, 0x00000000e4600000|  0%| F|  |TAMS 0x00000000e4500000, 0x00000000e4500000| Untracked 
|  70|0x00000000e4600000, 0x00000000e4600000, 0x00000000e4700000|  0%| F|  |TAMS 0x00000000e4600000, 0x00000000e4600000| Untracked 
|  71|0x00000000e4700000, 0x00000000e4700000, 0x00000000e4800000|  0%| F|  |TAMS 0x00000000e4700000, 0x00000000e4700000| Untracked 
|  72|0x00000000e4800000, 0x00000000e4800000, 0x00000000e4900000|  0%| F|  |TAMS 0x00000000e4800000, 0x00000000e4800000| Untracked 
|  73|0x00000000e4900000, 0x00000000e4900000, 0x00000000e4a00000|  0%| F|  |TAMS 0x00000000e4900000, 0x00000000e4900000| Untracked 
|  74|0x00000000e4a00000, 0x00000000e4a00000, 0x00000000e4b00000|  0%| F|  |TAMS 0x00000000e4a00000, 0x00000000e4a00000| Untracked 
|  75|0x00000000e4b00000, 0x00000000e4b00000, 0x00000000e4c00000|  0%| F|  |TAMS 0x00000000e4b00000, 0x00000000e4b00000| Untracked 
|  76|0x00000000e4c00000, 0x00000000e4c00000, 0x00000000e4d00000|  0%| F|  |TAMS 0x00000000e4c00000, 0x00000000e4c00000| Untracked 
|  77|0x00000000e4d00000, 0x00000000e4d00000, 0x00000000e4e00000|  0%| F|  |TAMS 0x00000000e4d00000, 0x00000000e4d00000| Untracked 
|  78|0x00000000e4e00000, 0x00000000e4e00000, 0x00000000e4f00000|  0%| F|  |TAMS 0x00000000e4e00000, 0x00000000e4e00000| Untracked 
|  79|0x00000000e4f00000, 0x00000000e4f00000, 0x00000000e5000000|  0%| F|  |TAMS 0x00000000e4f00000, 0x00000000e4f00000| Untracked 
|  80|0x00000000e5000000, 0x00000000e5000000, 0x00000000e5100000|  0%| F|  |TAMS 0x00000000e5000000, 0x00000000e5000000| Untracked 
|  81|0x00000000e5100000, 0x00000000e5100000, 0x00000000e5200000|  0%| F|  |TAMS 0x00000000e5100000, 0x00000000e5100000| Untracked 
|  82|0x00000000e5200000, 0x00000000e5200000, 0x00000000e5300000|  0%| F|  |TAMS 0x00000000e5200000, 0x00000000e5200000| Untracked 
|  83|0x00000000e5300000, 0x00000000e5300000, 0x00000000e5400000|  0%| F|  |TAMS 0x00000000e5300000, 0x00000000e5300000| Untracked 
|  84|0x00000000e5400000, 0x00000000e5400000, 0x00000000e5500000|  0%| F|  |TAMS 0x00000000e5400000, 0x00000000e5400000| Untracked 
|  85|0x00000000e5500000, 0x00000000e5500000, 0x00000000e5600000|  0%| F|  |TAMS 0x00000000e5500000, 0x00000000e5500000| Untracked 
|  86|0x00000000e5600000, 0x00000000e5600000, 0x00000000e5700000|  0%| F|  |TAMS 0x00000000e5600000, 0x00000000e5600000| Untracked 
|  87|0x00000000e5700000, 0x00000000e5700000, 0x00000000e5800000|  0%| F|  |TAMS 0x00000000e5700000, 0x00000000e5700000| Untracked 
|  88|0x00000000e5800000, 0x00000000e5800000, 0x00000000e5900000|  0%| F|  |TAMS 0x00000000e5800000, 0x00000000e5800000| Untracked 
|  89|0x00000000e5900000, 0x00000000e5900000, 0x00000000e5a00000|  0%| F|  |TAMS 0x00000000e5900000, 0x00000000e5900000| Untracked 
|  90|0x00000000e5a00000, 0x00000000e5a00000, 0x00000000e5b00000|  0%| F|  |TAMS 0x00000000e5a00000, 0x00000000e5a00000| Untracked 
|  91|0x00000000e5b00000, 0x00000000e5b00000, 0x00000000e5c00000|  0%| F|  |TAMS 0x00000000e5b00000, 0x00000000e5b00000| Untracked 
|  92|0x00000000e5c00000, 0x00000000e5c00000, 0x00000000e5d00000|  0%| F|  |TAMS 0x00000000e5c00000, 0x00000000e5c00000| Untracked 
|  93|0x00000000e5d00000, 0x00000000e5d00000, 0x00000000e5e00000|  0%| F|  |TAMS 0x00000000e5d00000, 0x00000000e5d00000| Untracked 
|  94|0x00000000e5e00000, 0x00000000e5e00000, 0x00000000e5f00000|  0%| F|  |TAMS 0x00000000e5e00000, 0x00000000e5e00000| Untracked 
|  95|0x00000000e5f00000, 0x00000000e5f00000, 0x00000000e6000000|  0%| F|  |TAMS 0x00000000e5f00000, 0x00000000e5f00000| Untracked 
|  96|0x00000000e6000000, 0x00000000e6000000, 0x00000000e6100000|  0%| F|  |TAMS 0x00000000e6000000, 0x00000000e6000000| Untracked 
|  97|0x00000000e6100000, 0x00000000e6100000, 0x00000000e6200000|  0%| F|  |TAMS 0x00000000e6100000, 0x00000000e6100000| Untracked 
|  98|0x00000000e6200000, 0x00000000e6200000, 0x00000000e6300000|  0%| F|  |TAMS 0x00000000e6200000, 0x00000000e6200000| Untracked 
|  99|0x00000000e6300000, 0x00000000e6300000, 0x00000000e6400000|  0%| F|  |TAMS 0x00000000e6300000, 0x00000000e6300000| Untracked 
| 100|0x00000000e6400000, 0x00000000e6400000, 0x00000000e6500000|  0%| F|  |TAMS 0x00000000e6400000, 0x00000000e6400000| Untracked 
| 101|0x00000000e6500000, 0x00000000e6500000, 0x00000000e6600000|  0%| F|  |TAMS 0x00000000e6500000, 0x00000000e6500000| Untracked 
| 102|0x00000000e6600000, 0x00000000e6600000, 0x00000000e6700000|  0%| F|  |TAMS 0x00000000e6600000, 0x00000000e6600000| Untracked 
| 103|0x00000000e6700000, 0x00000000e6700000, 0x00000000e6800000|  0%| F|  |TAMS 0x00000000e6700000, 0x00000000e6700000| Untracked 
| 104|0x00000000e6800000, 0x00000000e6800000, 0x00000000e6900000|  0%| F|  |TAMS 0x00000000e6800000, 0x00000000e6800000| Untracked 
| 105|0x00000000e6900000, 0x00000000e6900000, 0x00000000e6a00000|  0%| F|  |TAMS 0x00000000e6900000, 0x00000000e6900000| Untracked 
| 106|0x00000000e6a00000, 0x00000000e6a00000, 0x00000000e6b00000|  0%| F|  |TAMS 0x00000000e6a00000, 0x00000000e6a00000| Untracked 
| 107|0x00000000e6b00000, 0x00000000e6b00000, 0x00000000e6c00000|  0%| F|  |TAMS 0x00000000e6b00000, 0x00000000e6b00000| Untracked 
| 108|0x00000000e6c00000, 0x00000000e6c00000, 0x00000000e6d00000|  0%| F|  |TAMS 0x00000000e6c00000, 0x00000000e6c00000| Untracked 
| 109|0x00000000e6d00000, 0x00000000e6d00000, 0x00000000e6e00000|  0%| F|  |TAMS 0x00000000e6d00000, 0x00000000e6d00000| Untracked 
| 110|0x00000000e6e00000, 0x00000000e6e00000, 0x00000000e6f00000|  0%| F|  |TAMS 0x00000000e6e00000, 0x00000000e6e00000| Untracked 
| 111|0x00000000e6f00000, 0x00000000e6f00000, 0x00000000e7000000|  0%| F|  |TAMS 0x00000000e6f00000, 0x00000000e6f00000| Untracked 
| 112|0x00000000e7000000, 0x00000000e7000000, 0x00000000e7100000|  0%| F|  |TAMS 0x00000000e7000000, 0x00000000e7000000| Untracked 
| 113|0x00000000e7100000, 0x00000000e7100000, 0x00000000e7200000|  0%| F|  |TAMS 0x00000000e7100000, 0x00000000e7100000| Untracked 
| 114|0x00000000e7200000, 0x00000000e7200000, 0x00000000e7300000|  0%| F|  |TAMS 0x00000000e7200000, 0x00000000e7200000| Untracked 
| 115|0x00000000e7300000, 0x00000000e7300000, 0x00000000e7400000|  0%| F|  |TAMS 0x00000000e7300000, 0x00000000e7300000| Untracked 
| 116|0x00000000e7400000, 0x00000000e7400000, 0x00000000e7500000|  0%| F|  |TAMS 0x00000000e7400000, 0x00000000e7400000| Untracked 
| 117|0x00000000e7500000, 0x00000000e7500000, 0x00000000e7600000|  0%| F|  |TAMS 0x00000000e7500000, 0x00000000e7500000| Untracked 
| 118|0x00000000e7600000, 0x00000000e7600000, 0x00000000e7700000|  0%| F|  |TAMS 0x00000000e7600000, 0x00000000e7600000| Untracked 
| 119|0x00000000e7700000, 0x00000000e7700000, 0x00000000e7800000|  0%| F|  |TAMS 0x00000000e7700000, 0x00000000e7700000| Untracked 
| 120|0x00000000e7800000, 0x00000000e7800000, 0x00000000e7900000|  0%| F|  |TAMS 0x00000000e7800000, 0x00000000e7800000| Untracked 
| 121|0x00000000e7900000, 0x00000000e7900000, 0x00000000e7a00000|  0%| F|  |TAMS 0x00000000e7900000, 0x00000000e7900000| Untracked 
| 122|0x00000000e7a00000, 0x00000000e7a00000, 0x00000000e7b00000|  0%| F|  |TAMS 0x00000000e7a00000, 0x00000000e7a00000| Untracked 
| 123|0x00000000e7b00000, 0x00000000e7b00000, 0x00000000e7c00000|  0%| F|  |TAMS 0x00000000e7b00000, 0x00000000e7b00000| Untracked 
| 124|0x00000000e7c00000, 0x00000000e7c00000, 0x00000000e7d00000|  0%| F|  |TAMS 0x00000000e7c00000, 0x00000000e7c00000| Untracked 
| 125|0x00000000e7d00000, 0x00000000e7d00000, 0x00000000e7e00000|  0%| F|  |TAMS 0x00000000e7d00000, 0x00000000e7d00000| Untracked 
| 126|0x00000000e7e00000, 0x00000000e7e00000, 0x00000000e7f00000|  0%| F|  |TAMS 0x00000000e7e00000, 0x00000000e7e00000| Untracked 
| 127|0x00000000e7f00000, 0x00000000e7f00000, 0x00000000e8000000|  0%| F|  |TAMS 0x00000000e7f00000, 0x00000000e7f00000| Untracked 
| 128|0x00000000e8000000, 0x00000000e8000000, 0x00000000e8100000|  0%| F|  |TAMS 0x00000000e8000000, 0x00000000e8000000| Untracked 
| 129|0x00000000e8100000, 0x00000000e8100000, 0x00000000e8200000|  0%| F|  |TAMS 0x00000000e8100000, 0x00000000e8100000| Untracked 
| 130|0x00000000e8200000, 0x00000000e8200000, 0x00000000e8300000|  0%| F|  |TAMS 0x00000000e8200000, 0x00000000e8200000| Untracked 
| 131|0x00000000e8300000, 0x00000000e8300000, 0x00000000e8400000|  0%| F|  |TAMS 0x00000000e8300000, 0x00000000e8300000| Untracked 
| 132|0x00000000e8400000, 0x00000000e8400000, 0x00000000e8500000|  0%| F|  |TAMS 0x00000000e8400000, 0x00000000e8400000| Untracked 
| 133|0x00000000e8500000, 0x00000000e8500000, 0x00000000e8600000|  0%| F|  |TAMS 0x00000000e8500000, 0x00000000e8500000| Untracked 
| 134|0x00000000e8600000, 0x00000000e8600000, 0x00000000e8700000|  0%| F|  |TAMS 0x00000000e8600000, 0x00000000e8600000| Untracked 
| 135|0x00000000e8700000, 0x00000000e8700000, 0x00000000e8800000|  0%| F|  |TAMS 0x00000000e8700000, 0x00000000e8700000| Untracked 
| 136|0x00000000e8800000, 0x00000000e8800000, 0x00000000e8900000|  0%| F|  |TAMS 0x00000000e8800000, 0x00000000e8800000| Untracked 
| 137|0x00000000e8900000, 0x00000000e8900000, 0x00000000e8a00000|  0%| F|  |TAMS 0x00000000e8900000, 0x00000000e8900000| Untracked 
| 138|0x00000000e8a00000, 0x00000000e8a00000, 0x00000000e8b00000|  0%| F|  |TAMS 0x00000000e8a00000, 0x00000000e8a00000| Untracked 
| 139|0x00000000e8b00000, 0x00000000e8b00000, 0x00000000e8c00000|  0%| F|  |TAMS 0x00000000e8b00000, 0x00000000e8b00000| Untracked 
| 140|0x00000000e8c00000, 0x00000000e8c00000, 0x00000000e8d00000|  0%| F|  |TAMS 0x00000000e8c00000, 0x00000000e8c00000| Untracked 
| 141|0x00000000e8d00000, 0x00000000e8d00000, 0x00000000e8e00000|  0%| F|  |TAMS 0x00000000e8d00000, 0x00000000e8d00000| Untracked 
| 142|0x00000000e8e00000, 0x00000000e8e00000, 0x00000000e8f00000|  0%| F|  |TAMS 0x00000000e8e00000, 0x00000000e8e00000| Untracked 
| 143|0x00000000e8f00000, 0x00000000e8f00000, 0x00000000e9000000|  0%| F|  |TAMS 0x00000000e8f00000, 0x00000000e8f00000| Untracked 
| 144|0x00000000e9000000, 0x00000000e9000000, 0x00000000e9100000|  0%| F|  |TAMS 0x00000000e9000000, 0x00000000e9000000| Untracked 
| 145|0x00000000e9100000, 0x00000000e9100000, 0x00000000e9200000|  0%| F|  |TAMS 0x00000000e9100000, 0x00000000e9100000| Untracked 
| 146|0x00000000e9200000, 0x00000000e9200000, 0x00000000e9300000|  0%| F|  |TAMS 0x00000000e9200000, 0x00000000e9200000| Untracked 
| 147|0x00000000e9300000, 0x00000000e9300000, 0x00000000e9400000|  0%| F|  |TAMS 0x00000000e9300000, 0x00000000e9300000| Untracked 
| 148|0x00000000e9400000, 0x00000000e9400000, 0x00000000e9500000|  0%| F|  |TAMS 0x00000000e9400000, 0x00000000e9400000| Untracked 
| 149|0x00000000e9500000, 0x00000000e9500000, 0x00000000e9600000|  0%| F|  |TAMS 0x00000000e9500000, 0x00000000e9500000| Untracked 
| 150|0x00000000e9600000, 0x00000000e9600000, 0x00000000e9700000|  0%| F|  |TAMS 0x00000000e9600000, 0x00000000e9600000| Untracked 
| 151|0x00000000e9700000, 0x00000000e9700000, 0x00000000e9800000|  0%| F|  |TAMS 0x00000000e9700000, 0x00000000e9700000| Untracked 
| 152|0x00000000e9800000, 0x00000000e9800000, 0x00000000e9900000|  0%| F|  |TAMS 0x00000000e9800000, 0x00000000e9800000| Untracked 
| 153|0x00000000e9900000, 0x00000000e9900000, 0x00000000e9a00000|  0%| F|  |TAMS 0x00000000e9900000, 0x00000000e9900000| Untracked 
| 154|0x00000000e9a00000, 0x00000000e9a00000, 0x00000000e9b00000|  0%| F|  |TAMS 0x00000000e9a00000, 0x00000000e9a00000| Untracked 
| 155|0x00000000e9b00000, 0x00000000e9b00000, 0x00000000e9c00000|  0%| F|  |TAMS 0x00000000e9b00000, 0x00000000e9b00000| Untracked 
| 156|0x00000000e9c00000, 0x00000000e9c00000, 0x00000000e9d00000|  0%| F|  |TAMS 0x00000000e9c00000, 0x00000000e9c00000| Untracked 
| 157|0x00000000e9d00000, 0x00000000e9d00000, 0x00000000e9e00000|  0%| F|  |TAMS 0x00000000e9d00000, 0x00000000e9d00000| Untracked 
| 158|0x00000000e9e00000, 0x00000000e9e00000, 0x00000000e9f00000|  0%| F|  |TAMS 0x00000000e9e00000, 0x00000000e9e00000| Untracked 
| 159|0x00000000e9f00000, 0x00000000e9f00000, 0x00000000ea000000|  0%| F|  |TAMS 0x00000000e9f00000, 0x00000000e9f00000| Untracked 
| 160|0x00000000ea000000, 0x00000000ea000000, 0x00000000ea100000|  0%| F|  |TAMS 0x00000000ea000000, 0x00000000ea000000| Untracked 
| 161|0x00000000ea100000, 0x00000000ea100000, 0x00000000ea200000|  0%| F|  |TAMS 0x00000000ea100000, 0x00000000ea100000| Untracked 
| 162|0x00000000ea200000, 0x00000000ea200000, 0x00000000ea300000|  0%| F|  |TAMS 0x00000000ea200000, 0x00000000ea200000| Untracked 
| 163|0x00000000ea300000, 0x00000000ea300000, 0x00000000ea400000|  0%| F|  |TAMS 0x00000000ea300000, 0x00000000ea300000| Untracked 
| 164|0x00000000ea400000, 0x00000000ea400000, 0x00000000ea500000|  0%| F|  |TAMS 0x00000000ea400000, 0x00000000ea400000| Untracked 
| 165|0x00000000ea500000, 0x00000000ea500000, 0x00000000ea600000|  0%| F|  |TAMS 0x00000000ea500000, 0x00000000ea500000| Untracked 
| 166|0x00000000ea600000, 0x00000000ea600000, 0x00000000ea700000|  0%| F|  |TAMS 0x00000000ea600000, 0x00000000ea600000| Untracked 
| 167|0x00000000ea700000, 0x00000000ea700000, 0x00000000ea800000|  0%| F|  |TAMS 0x00000000ea700000, 0x00000000ea700000| Untracked 
| 168|0x00000000ea800000, 0x00000000ea800000, 0x00000000ea900000|  0%| F|  |TAMS 0x00000000ea800000, 0x00000000ea800000| Untracked 
| 169|0x00000000ea900000, 0x00000000ea900000, 0x00000000eaa00000|  0%| F|  |TAMS 0x00000000ea900000, 0x00000000ea900000| Untracked 
| 170|0x00000000eaa00000, 0x00000000eaa00000, 0x00000000eab00000|  0%| F|  |TAMS 0x00000000eaa00000, 0x00000000eaa00000| Untracked 
| 171|0x00000000eab00000, 0x00000000eab00000, 0x00000000eac00000|  0%| F|  |TAMS 0x00000000eab00000, 0x00000000eab00000| Untracked 
| 172|0x00000000eac00000, 0x00000000eac00000, 0x00000000ead00000|  0%| F|  |TAMS 0x00000000eac00000, 0x00000000eac00000| Untracked 
| 173|0x00000000ead00000, 0x00000000ead00000, 0x00000000eae00000|  0%| F|  |TAMS 0x00000000ead00000, 0x00000000ead00000| Untracked 
| 174|0x00000000eae00000, 0x00000000eae00000, 0x00000000eaf00000|  0%| F|  |TAMS 0x00000000eae00000, 0x00000000eae00000| Untracked 
| 175|0x00000000eaf00000, 0x00000000eaf00000, 0x00000000eb000000|  0%| F|  |TAMS 0x00000000eaf00000, 0x00000000eaf00000| Untracked 
| 176|0x00000000eb000000, 0x00000000eb000000, 0x00000000eb100000|  0%| F|  |TAMS 0x00000000eb000000, 0x00000000eb000000| Untracked 
| 177|0x00000000eb100000, 0x00000000eb100000, 0x00000000eb200000|  0%| F|  |TAMS 0x00000000eb100000, 0x00000000eb100000| Untracked 
| 178|0x00000000eb200000, 0x00000000eb200000, 0x00000000eb300000|  0%| F|  |TAMS 0x00000000eb200000, 0x00000000eb200000| Untracked 
| 179|0x00000000eb300000, 0x00000000eb300000, 0x00000000eb400000|  0%| F|  |TAMS 0x00000000eb300000, 0x00000000eb300000| Untracked 
| 180|0x00000000eb400000, 0x00000000eb400000, 0x00000000eb500000|  0%| F|  |TAMS 0x00000000eb400000, 0x00000000eb400000| Untracked 
| 181|0x00000000eb500000, 0x00000000eb500000, 0x00000000eb600000|  0%| F|  |TAMS 0x00000000eb500000, 0x00000000eb500000| Untracked 
| 182|0x00000000eb600000, 0x00000000eb600000, 0x00000000eb700000|  0%| F|  |TAMS 0x00000000eb600000, 0x00000000eb600000| Untracked 
| 183|0x00000000eb700000, 0x00000000eb700000, 0x00000000eb800000|  0%| F|  |TAMS 0x00000000eb700000, 0x00000000eb700000| Untracked 
| 184|0x00000000eb800000, 0x00000000eb800000, 0x00000000eb900000|  0%| F|  |TAMS 0x00000000eb800000, 0x00000000eb800000| Untracked 
| 185|0x00000000eb900000, 0x00000000eb900000, 0x00000000eba00000|  0%| F|  |TAMS 0x00000000eb900000, 0x00000000eb900000| Untracked 
| 186|0x00000000eba00000, 0x00000000eba00000, 0x00000000ebb00000|  0%| F|  |TAMS 0x00000000eba00000, 0x00000000eba00000| Untracked 
| 187|0x00000000ebb00000, 0x00000000ebb00000, 0x00000000ebc00000|  0%| F|  |TAMS 0x00000000ebb00000, 0x00000000ebb00000| Untracked 
| 188|0x00000000ebc00000, 0x00000000ebc00000, 0x00000000ebd00000|  0%| F|  |TAMS 0x00000000ebc00000, 0x00000000ebc00000| Untracked 
| 189|0x00000000ebd00000, 0x00000000ebd00000, 0x00000000ebe00000|  0%| F|  |TAMS 0x00000000ebd00000, 0x00000000ebd00000| Untracked 
| 190|0x00000000ebe00000, 0x00000000ebe00000, 0x00000000ebf00000|  0%| F|  |TAMS 0x00000000ebe00000, 0x00000000ebe00000| Untracked 
| 191|0x00000000ebf00000, 0x00000000ebf00000, 0x00000000ec000000|  0%| F|  |TAMS 0x00000000ebf00000, 0x00000000ebf00000| Untracked 
| 192|0x00000000ec000000, 0x00000000ec000000, 0x00000000ec100000|  0%| F|  |TAMS 0x00000000ec000000, 0x00000000ec000000| Untracked 
| 193|0x00000000ec100000, 0x00000000ec100000, 0x00000000ec200000|  0%| F|  |TAMS 0x00000000ec100000, 0x00000000ec100000| Untracked 
| 194|0x00000000ec200000, 0x00000000ec200000, 0x00000000ec300000|  0%| F|  |TAMS 0x00000000ec200000, 0x00000000ec200000| Untracked 
| 195|0x00000000ec300000, 0x00000000ec300000, 0x00000000ec400000|  0%| F|  |TAMS 0x00000000ec300000, 0x00000000ec300000| Untracked 
| 196|0x00000000ec400000, 0x00000000ec400000, 0x00000000ec500000|  0%| F|  |TAMS 0x00000000ec400000, 0x00000000ec400000| Untracked 
| 197|0x00000000ec500000, 0x00000000ec500000, 0x00000000ec600000|  0%| F|  |TAMS 0x00000000ec500000, 0x00000000ec500000| Untracked 
| 198|0x00000000ec600000, 0x00000000ec600000, 0x00000000ec700000|  0%| F|  |TAMS 0x00000000ec600000, 0x00000000ec600000| Untracked 
| 199|0x00000000ec700000, 0x00000000ec700000, 0x00000000ec800000|  0%| F|  |TAMS 0x00000000ec700000, 0x00000000ec700000| Untracked 
| 200|0x00000000ec800000, 0x00000000ec800000, 0x00000000ec900000|  0%| F|  |TAMS 0x00000000ec800000, 0x00000000ec800000| Untracked 
| 201|0x00000000ec900000, 0x00000000ec900000, 0x00000000eca00000|  0%| F|  |TAMS 0x00000000ec900000, 0x00000000ec900000| Untracked 
| 202|0x00000000eca00000, 0x00000000eca00000, 0x00000000ecb00000|  0%| F|  |TAMS 0x00000000eca00000, 0x00000000eca00000| Untracked 
| 203|0x00000000ecb00000, 0x00000000ecb00000, 0x00000000ecc00000|  0%| F|  |TAMS 0x00000000ecb00000, 0x00000000ecb00000| Untracked 
| 204|0x00000000ecc00000, 0x00000000ecc00000, 0x00000000ecd00000|  0%| F|  |TAMS 0x00000000ecc00000, 0x00000000ecc00000| Untracked 
| 205|0x00000000ecd00000, 0x00000000ecd00000, 0x00000000ece00000|  0%| F|  |TAMS 0x00000000ecd00000, 0x00000000ecd00000| Untracked 
| 206|0x00000000ece00000, 0x00000000ece00000, 0x00000000ecf00000|  0%| F|  |TAMS 0x00000000ece00000, 0x00000000ece00000| Untracked 
| 207|0x00000000ecf00000, 0x00000000ecf00000, 0x00000000ed000000|  0%| F|  |TAMS 0x00000000ecf00000, 0x00000000ecf00000| Untracked 
| 208|0x00000000ed000000, 0x00000000ed000000, 0x00000000ed100000|  0%| F|  |TAMS 0x00000000ed000000, 0x00000000ed000000| Untracked 
| 209|0x00000000ed100000, 0x00000000ed100000, 0x00000000ed200000|  0%| F|  |TAMS 0x00000000ed100000, 0x00000000ed100000| Untracked 
| 210|0x00000000ed200000, 0x00000000ed200000, 0x00000000ed300000|  0%| F|  |TAMS 0x00000000ed200000, 0x00000000ed200000| Untracked 
| 211|0x00000000ed300000, 0x00000000ed300000, 0x00000000ed400000|  0%| F|  |TAMS 0x00000000ed300000, 0x00000000ed300000| Untracked 
| 212|0x00000000ed400000, 0x00000000ed400000, 0x00000000ed500000|  0%| F|  |TAMS 0x00000000ed400000, 0x00000000ed400000| Untracked 
| 213|0x00000000ed500000, 0x00000000ed500000, 0x00000000ed600000|  0%| F|  |TAMS 0x00000000ed500000, 0x00000000ed500000| Untracked 
| 214|0x00000000ed600000, 0x00000000ed600000, 0x00000000ed700000|  0%| F|  |TAMS 0x00000000ed600000, 0x00000000ed600000| Untracked 
| 215|0x00000000ed700000, 0x00000000ed700000, 0x00000000ed800000|  0%| F|  |TAMS 0x00000000ed700000, 0x00000000ed700000| Untracked 
| 216|0x00000000ed800000, 0x00000000ed800000, 0x00000000ed900000|  0%| F|  |TAMS 0x00000000ed800000, 0x00000000ed800000| Untracked 
| 217|0x00000000ed900000, 0x00000000ed900000, 0x00000000eda00000|  0%| F|  |TAMS 0x00000000ed900000, 0x00000000ed900000| Untracked 
| 218|0x00000000eda00000, 0x00000000eda00000, 0x00000000edb00000|  0%| F|  |TAMS 0x00000000eda00000, 0x00000000eda00000| Untracked 
| 219|0x00000000edb00000, 0x00000000edb00000, 0x00000000edc00000|  0%| F|  |TAMS 0x00000000edb00000, 0x00000000edb00000| Untracked 
| 220|0x00000000edc00000, 0x00000000edc00000, 0x00000000edd00000|  0%| F|  |TAMS 0x00000000edc00000, 0x00000000edc00000| Untracked 
| 221|0x00000000edd00000, 0x00000000edd00000, 0x00000000ede00000|  0%| F|  |TAMS 0x00000000edd00000, 0x00000000edd00000| Untracked 
| 222|0x00000000ede00000, 0x00000000ede00000, 0x00000000edf00000|  0%| F|  |TAMS 0x00000000ede00000, 0x00000000ede00000| Untracked 
| 223|0x00000000edf00000, 0x00000000edf00000, 0x00000000ee000000|  0%| F|  |TAMS 0x00000000edf00000, 0x00000000edf00000| Untracked 
| 224|0x00000000ee000000, 0x00000000ee000000, 0x00000000ee100000|  0%| F|  |TAMS 0x00000000ee000000, 0x00000000ee000000| Untracked 
| 225|0x00000000ee100000, 0x00000000ee100000, 0x00000000ee200000|  0%| F|  |TAMS 0x00000000ee100000, 0x00000000ee100000| Untracked 
| 226|0x00000000ee200000, 0x00000000ee200000, 0x00000000ee300000|  0%| F|  |TAMS 0x00000000ee200000, 0x00000000ee200000| Untracked 
| 227|0x00000000ee300000, 0x00000000ee300000, 0x00000000ee400000|  0%| F|  |TAMS 0x00000000ee300000, 0x00000000ee300000| Untracked 
| 228|0x00000000ee400000, 0x00000000ee400000, 0x00000000ee500000|  0%| F|  |TAMS 0x00000000ee400000, 0x00000000ee400000| Untracked 
| 229|0x00000000ee500000, 0x00000000ee500000, 0x00000000ee600000|  0%| F|  |TAMS 0x00000000ee500000, 0x00000000ee500000| Untracked 
| 230|0x00000000ee600000, 0x00000000ee600000, 0x00000000ee700000|  0%| F|  |TAMS 0x00000000ee600000, 0x00000000ee600000| Untracked 
| 231|0x00000000ee700000, 0x00000000ee700000, 0x00000000ee800000|  0%| F|  |TAMS 0x00000000ee700000, 0x00000000ee700000| Untracked 
| 232|0x00000000ee800000, 0x00000000ee800000, 0x00000000ee900000|  0%| F|  |TAMS 0x00000000ee800000, 0x00000000ee800000| Untracked 
| 233|0x00000000ee900000, 0x00000000ee900000, 0x00000000eea00000|  0%| F|  |TAMS 0x00000000ee900000, 0x00000000ee900000| Untracked 
| 234|0x00000000eea00000, 0x00000000eea00000, 0x00000000eeb00000|  0%| F|  |TAMS 0x00000000eea00000, 0x00000000eea00000| Untracked 
| 235|0x00000000eeb00000, 0x00000000eeb00000, 0x00000000eec00000|  0%| F|  |TAMS 0x00000000eeb00000, 0x00000000eeb00000| Untracked 
| 236|0x00000000eec00000, 0x00000000eec00000, 0x00000000eed00000|  0%| F|  |TAMS 0x00000000eec00000, 0x00000000eec00000| Untracked 
| 237|0x00000000eed00000, 0x00000000eed00000, 0x00000000eee00000|  0%| F|  |TAMS 0x00000000eed00000, 0x00000000eed00000| Untracked 
| 238|0x00000000eee00000, 0x00000000eee00000, 0x00000000eef00000|  0%| F|  |TAMS 0x00000000eee00000, 0x00000000eee00000| Untracked 
| 239|0x00000000eef00000, 0x00000000eef00000, 0x00000000ef000000|  0%| F|  |TAMS 0x00000000eef00000, 0x00000000eef00000| Untracked 
| 240|0x00000000ef000000, 0x00000000ef000000, 0x00000000ef100000|  0%| F|  |TAMS 0x00000000ef000000, 0x00000000ef000000| Untracked 
| 241|0x00000000ef100000, 0x00000000ef1a0f38, 0x00000000ef200000| 62%| E|  |TAMS 0x00000000ef100000, 0x00000000ef100000| Complete 
| 242|0x00000000ef200000, 0x00000000ef300000, 0x00000000ef300000|100%| E|CS|TAMS 0x00000000ef200000, 0x00000000ef200000| Complete 
| 243|0x00000000ef300000, 0x00000000ef400000, 0x00000000ef400000|100%| E|CS|TAMS 0x00000000ef300000, 0x00000000ef300000| Complete 
| 244|0x00000000ef400000, 0x00000000ef469510, 0x00000000ef500000| 41%| S|CS|TAMS 0x00000000ef400000, 0x00000000ef400000| Complete 
| 245|0x00000000ef500000, 0x00000000ef600000, 0x00000000ef600000|100%| S|CS|TAMS 0x00000000ef500000, 0x00000000ef500000| Complete 
| 246|0x00000000ef600000, 0x00000000ef700000, 0x00000000ef700000|100%| S|CS|TAMS 0x00000000ef600000, 0x00000000ef600000| Complete 
| 247|0x00000000ef700000, 0x00000000ef800000, 0x00000000ef800000|100%| S|CS|TAMS 0x00000000ef700000, 0x00000000ef700000| Complete 
| 248|0x00000000ef800000, 0x00000000ef900000, 0x00000000ef900000|100%| S|CS|TAMS 0x00000000ef800000, 0x00000000ef800000| Complete 
| 249|0x00000000ef900000, 0x00000000efa00000, 0x00000000efa00000|100%| S|CS|TAMS 0x00000000ef900000, 0x00000000ef900000| Complete 
| 250|0x00000000efa00000, 0x00000000efb00000, 0x00000000efb00000|100%| E|CS|TAMS 0x00000000efa00000, 0x00000000efa00000| Complete 
| 251|0x00000000efb00000, 0x00000000efc00000, 0x00000000efc00000|100%| E|CS|TAMS 0x00000000efb00000, 0x00000000efb00000| Complete 
| 252|0x00000000efc00000, 0x00000000efd00000, 0x00000000efd00000|100%| E|CS|TAMS 0x00000000efc00000, 0x00000000efc00000| Complete 
| 253|0x00000000efd00000, 0x00000000efe00000, 0x00000000efe00000|100%| E|CS|TAMS 0x00000000efd00000, 0x00000000efd00000| Complete 
| 254|0x00000000efe00000, 0x00000000eff00000, 0x00000000eff00000|100%| E|CS|TAMS 0x00000000efe00000, 0x00000000efe00000| Complete 
| 255|0x00000000eff00000, 0x00000000f0000000, 0x00000000f0000000|100%| E|CS|TAMS 0x00000000eff00000, 0x00000000eff00000| Complete 

Card table byte_map: [0x000001f3753a0000,0x000001f3754a0000] _byte_map_base: 0x000001f374ca0000

Marking Bits (Prev, Next): (CMBitMap*) 0x000001f36c617d38, (CMBitMap*) 0x000001f36c617d70
 Prev Bits: [0x000001f3755a0000, 0x000001f375da0000)
 Next Bits: [0x000001f375da0000, 0x000001f3765a0000)

Polling page: 0x000001f36a410000

Metaspace:

Usage:
  Non-class:     31.85 MB capacity,    31.31 MB ( 98%) used,   464.66 KB (  1%) free+waste,    84.31 KB ( <1%) overhead. 
      Class:      4.98 MB capacity,     4.65 MB ( 94%) used,   288.77 KB (  6%) free+waste,    41.13 KB ( <1%) overhead. 
       Both:     36.83 MB capacity,    35.97 MB ( 98%) used,   753.42 KB (  2%) free+waste,   125.44 KB ( <1%) overhead. 

Virtual space:
  Non-class space:       34.00 MB reserved,      32.08 MB ( 94%) committed 
      Class space:      248.00 MB reserved,       5.07 MB (  2%) committed 
             Both:      282.00 MB reserved,      37.15 MB ( 13%) committed 

Chunk freelists:
   Non-Class:  41.00 KB
       Class:  24.00 KB
        Both:  65.00 KB

MaxMetaspaceSize: 256.00 MB
CompressedClassSpaceSize: 248.00 MB
Initial GC threshold: 20.80 MB
Current GC threshold: 59.00 MB
CDS: off

CodeHeap 'non-profiled nmethods': size=120000Kb used=1600Kb max_used=1600Kb free=118400Kb
 bounds [0x000001f307ad0000, 0x000001f307d40000, 0x000001f30f000000]
CodeHeap 'profiled nmethods': size=120000Kb used=6121Kb max_used=6121Kb free=113878Kb
 bounds [0x000001f3005a0000, 0x000001f300ba0000, 0x000001f307ad0000]
CodeHeap 'non-nmethods': size=5760Kb used=1240Kb max_used=1281Kb free=4519Kb
 bounds [0x000001f300000000, 0x000001f300270000, 0x000001f3005a0000]
 total_blobs=3468 nmethods=2948 adapters=432
 compilation: enabled
              stopped_count=0, restarted_count=0
 full_count=0

Compilation events (20 events):
Event: 6.289 Thread 0x000001f379ac1000 2938       3       java.lang.reflect.Field::copy (76 bytes)
Event: 6.289 Thread 0x000001f379ac1000 nmethod 2938 0x000001f300b94e90 code [0x000001f300b95080, 0x000001f300b95478]
Event: 6.289 Thread 0x000001f379ac1000 2937       3       java.lang.reflect.Field::<init> (44 bytes)
Event: 6.290 Thread 0x000001f379ac1000 nmethod 2937 0x000001f300b95590 code [0x000001f300b95760, 0x000001f300b95b18]
Event: 6.290 Thread 0x000001f379ac1000 2939       1       java.lang.reflect.Field::getDeclaringClass (5 bytes)
Event: 6.290 Thread 0x000001f379ac1000 nmethod 2939 0x000001f307c5ee10 code [0x000001f307c5efc0, 0x000001f307c5f078]
Event: 6.292 Thread 0x000001f379ac1000 2940       3       org.codehaus.groovy.reflection.CachedMethod::getReturnType (8 bytes)
Event: 6.292 Thread 0x000001f379ac1000 nmethod 2940 0x000001f300b95c10 code [0x000001f300b95dc0, 0x000001f300b95ed8]
Event: 6.292 Thread 0x000001f379ac1000 2942       3       java.beans.MethodRef::get (91 bytes)
Event: 6.293 Thread 0x000001f379ac1000 nmethod 2942 0x000001f300b95f90 code [0x000001f300b96200, 0x000001f300b96db8]
Event: 6.293 Thread 0x000001f379ac1000 2941       1       groovy.lang.MetaProperty::getName (5 bytes)
Event: 6.293 Thread 0x000001f379ac1000 nmethod 2941 0x000001f307c5f110 code [0x000001f307c5f2c0, 0x000001f307c5f378]
Event: 6.293 Thread 0x000001f379ac1000 2943       3       java.lang.CharacterDataLatin1::isUpperCase (20 bytes)
Event: 6.294 Thread 0x000001f379ac1000 nmethod 2943 0x000001f300b97090 code [0x000001f300b97260, 0x000001f300b97458]
Event: 6.294 Thread 0x000001f379ac1000 2944       3       java.lang.CharacterDataLatin1::isOtherUppercase (18 bytes)
Event: 6.294 Thread 0x000001f379ac1000 nmethod 2944 0x000001f300b97590 code [0x000001f300b97760, 0x000001f300b97958]
Event: 6.294 Thread 0x000001f379ac1000 2945       3       java.lang.CharacterDataLatin1::getPropertiesEx (11 bytes)
Event: 6.294 Thread 0x000001f379ac1000 nmethod 2945 0x000001f300b97a90 code [0x000001f300b97c40, 0x000001f300b97d78]
Event: 6.296 Thread 0x000001f379ac1000 2946       1       java.util.logging.Logger::getName (5 bytes)
Event: 6.296 Thread 0x000001f379ac1000 nmethod 2946 0x000001f307c5f410 code [0x000001f307c5f5c0, 0x000001f307c5f678]

GC Heap History (10 events):
Event: 0.995 GC heap before
{Heap before GC invocations=0 (full 0):
 garbage-first heap   total 262144K, used 29696K [0x00000000e0000000, 0x0000000100000000)
  region size 1024K, 24 young (24576K), 0 survivors (0K)
 Metaspace       used 10153K, capacity 10400K, committed 10624K, reserved 264192K
  class space    used 1037K, capacity 1105K, committed 1152K, reserved 253952K
}
Event: 1.000 GC heap after
{Heap after GC invocations=1 (full 0):
 garbage-first heap   total 262144K, used 9277K [0x00000000e0000000, 0x0000000100000000)
  region size 1024K, 3 young (3072K), 3 survivors (3072K)
 Metaspace       used 10153K, capacity 10400K, committed 10624K, reserved 264192K
  class space    used 1037K, capacity 1105K, committed 1152K, reserved 253952K
}
Event: 4.150 GC heap before
{Heap before GC invocations=1 (full 0):
 garbage-first heap   total 262144K, used 106557K [0x00000000e0000000, 0x0000000100000000)
  region size 1024K, 99 young (101376K), 3 survivors (3072K)
 Metaspace       used 20746K, capacity 21196K, committed 21296K, reserved 274432K
  class space    used 2520K, capacity 2685K, committed 2688K, reserved 253952K
}
Event: 4.161 GC heap after
{Heap after GC invocations=2 (full 0):
 garbage-first heap   total 262144K, used 17290K [0x00000000e0000000, 0x0000000100000000)
  region size 1024K, 11 young (11264K), 11 survivors (11264K)
 Metaspace       used 20746K, capacity 21196K, committed 21296K, reserved 274432K
  class space    used 2520K, capacity 2685K, committed 2688K, reserved 253952K
}
Event: 4.556 GC heap before
{Heap before GC invocations=3 (full 0):
 garbage-first heap   total 262144K, used 45962K [0x00000000e0000000, 0x0000000100000000)
  region size 1024K, 39 young (39936K), 11 survivors (11264K)
 Metaspace       used 23753K, capacity 24287K, committed 24368K, reserved 276480K
  class space    used 2985K, capacity 3188K, committed 3200K, reserved 253952K
}
Event: 4.566 GC heap after
{Heap after GC invocations=4 (full 0):
 garbage-first heap   total 262144K, used 18182K [0x00000000e0000000, 0x0000000100000000)
  region size 1024K, 2 young (2048K), 2 survivors (2048K)
 Metaspace       used 23753K, capacity 24287K, committed 24368K, reserved 276480K
  class space    used 2985K, capacity 3188K, committed 3200K, reserved 253952K
}
Event: 5.956 GC heap before
{Heap before GC invocations=4 (full 0):
 garbage-first heap   total 262144K, used 105222K [0x00000000e0000000, 0x0000000100000000)
  region size 1024K, 87 young (89088K), 2 survivors (2048K)
 Metaspace       used 32806K, capacity 33664K, committed 33840K, reserved 284672K
  class space    used 4356K, capacity 4639K, committed 4736K, reserved 253952K
}
Event: 5.961 GC heap after
{Heap after GC invocations=5 (full 0):
 garbage-first heap   total 262144K, used 21172K [0x00000000e0000000, 0x0000000100000000)
  region size 1024K, 5 young (5120K), 5 survivors (5120K)
 Metaspace       used 32806K, capacity 33664K, committed 33840K, reserved 284672K
  class space    used 4356K, capacity 4639K, committed 4736K, reserved 253952K
}
Event: 6.141 GC heap before
{Heap before GC invocations=5 (full 0):
 garbage-first heap   total 262144K, used 26292K [0x00000000e0000000, 0x0000000100000000)
  region size 1024K, 11 young (11264K), 5 survivors (5120K)
 Metaspace       used 35024K, capacity 35854K, committed 35920K, reserved 286720K
  class space    used 4517K, capacity 4838K, committed 4864K, reserved 253952K
}
Event: 6.153 GC heap after
{Heap after GC invocations=6 (full 0):
 garbage-first heap   total 262144K, used 22224K [0x00000000e0000000, 0x0000000100000000)
  region size 1024K, 6 young (6144K), 6 survivors (6144K)
 Metaspace       used 35024K, capacity 35854K, committed 35920K, reserved 286720K
  class space    used 4517K, capacity 4838K, committed 4864K, reserved 253952K
}

Deoptimization events (20 events):
Event: 5.791 Thread 0x000001f37c75d800 Uncommon trap: trap_request=0xffffffde fr.pc=0x000001f307bbbfb4 relative=0x00000000000018d4
Event: 5.791 Thread 0x000001f37c75d800 Uncommon trap: reason=class_check action=maybe_recompile pc=0x000001f307bbbfb4 method=java.io.BufferedInputStream.read([BII)I @ 101 c2
Event: 5.791 Thread 0x000001f37c75d800 DEOPT PACKING pc=0x000001f307bbbfb4 sp=0x00000050221f8270
Event: 5.791 Thread 0x000001f37c75d800 DEOPT UNPACKING pc=0x000001f30004a1af sp=0x00000050221f8130 mode 2
Event: 6.255 Thread 0x000001f37c75d800 Uncommon trap: trap_request=0xffffff4d fr.pc=0x000001f307c264b0 relative=0x0000000000000290
Event: 6.255 Thread 0x000001f37c75d800 Uncommon trap: reason=unstable_if action=reinterpret pc=0x000001f307c264b0 method=jdk.internal.org.objectweb.asm.Type.getArgumentsAndReturnSizes(Ljava/lang/String;)I @ 136 c2
Event: 6.255 Thread 0x000001f37c75d800 DEOPT PACKING pc=0x000001f307c264b0 sp=0x00000050221f4e40
Event: 6.255 Thread 0x000001f37c75d800 DEOPT UNPACKING pc=0x000001f30004a1af sp=0x00000050221f4dd8 mode 2
Event: 6.255 Thread 0x000001f37c75d800 Uncommon trap: trap_request=0xffffff4d fr.pc=0x000001f307c1f050 relative=0x0000000000000350
Event: 6.255 Thread 0x000001f37c75d800 Uncommon trap: reason=unstable_if action=reinterpret pc=0x000001f307c1f050 method=jdk.internal.org.objectweb.asm.Type.getArgumentsAndReturnSizes(Ljava/lang/String;)I @ 130 c2
Event: 6.255 Thread 0x000001f37c75d800 DEOPT PACKING pc=0x000001f307c1f050 sp=0x00000050221f4c60
Event: 6.255 Thread 0x000001f37c75d800 DEOPT UNPACKING pc=0x000001f30004a1af sp=0x00000050221f4c08 mode 2
Event: 6.255 Thread 0x000001f37c75d800 Uncommon trap: trap_request=0xffffffcc fr.pc=0x000001f307c5b668 relative=0x0000000000000328
Event: 6.255 Thread 0x000001f37c75d800 Uncommon trap: reason=intrinsic_or_type_checked_inlining action=make_not_entrant pc=0x000001f307c5b668 method=java.util.Arrays.copyOf([Ljava/lang/Object;ILjava/lang/Class;)[Ljava/lang/Object; @ 35 c2
Event: 6.255 Thread 0x000001f37c75d800 DEOPT PACKING pc=0x000001f307c5b668 sp=0x00000050221f4e30
Event: 6.255 Thread 0x000001f37c75d800 DEOPT UNPACKING pc=0x000001f30004a1af sp=0x00000050221f4dc0 mode 2
Event: 6.268 Thread 0x000001f37c75d800 Uncommon trap: trap_request=0xffffff5c fr.pc=0x000001f307b7aa7c relative=0x000000000000123c
Event: 6.268 Thread 0x000001f37c75d800 Uncommon trap: reason=speculate_null_assert action=make_not_entrant pc=0x000001f307b7aa7c method=jdk.internal.loader.URLClassPath$JarLoader.getResource(Ljava/lang/String;ZLjava/util/Set;)Ljdk/internal/loader/Resource; @ 17 c2
Event: 6.268 Thread 0x000001f37c75d800 DEOPT PACKING pc=0x000001f307b7aa7c sp=0x00000050221f3a90
Event: 6.268 Thread 0x000001f37c75d800 DEOPT UNPACKING pc=0x000001f30004a1af sp=0x00000050221f3a38 mode 2

Classes redefined (0 events):
No events

Internal exceptions (20 events):
Event: 5.436 Thread 0x000001f37c75d800 Exception <a 'java/lang/NoSuchMethodError'{0x00000000ec1489c8}: 'java.lang.Object java.lang.invoke.Invokers$Holder.linkToTargetMethod(java.lang.Object, java.lang.Object, java.lang.Object, java.lang.Object, java.lang.Object, java.lang.Object, java.lang.Object)'> (0x00000000ec1489c8) thrown at [./src/hotspot/share/interpreter/linkResolver.cpp, line 773]
Event: 5.442 Thread 0x000001f37c75d800 Exception <a 'java/lang/IncompatibleClassChangeError'{0x00000000ec19ff90}: Found class java.lang.Object, but interface was expected> (0x00000000ec19ff90) thrown at [./src/hotspot/share/interpreter/linkResolver.cpp, line 839]
Event: 5.662 Thread 0x000001f37c75d800 Exception <a 'java/lang/NoSuchMethodError'{0x00000000eb2136c8}: 'int java.lang.invoke.DirectMethodHandle$Holder.invokeStatic(java.lang.Object, java.lang.Object, java.lang.Object, java.lang.Object, java.lang.Object)'> (0x00000000eb2136c8) thrown at [./src/hotspot/share/interpreter/linkResolver.cpp, line 773]
Event: 5.679 Thread 0x000001f37c75d800 Exception <a 'java/lang/NoSuchMethodError'{0x00000000eb107f20}: 'java.lang.Object java.lang.invoke.DirectMethodHandle$Holder.invokeStatic(java.lang.Object, java.lang.Object, int, java.lang.Object)'> (0x00000000eb107f20) thrown at [./src/hotspot/share/interpreter/linkResolver.cpp, line 773]
Event: 5.680 Thread 0x000001f37c75d800 Exception <a 'java/lang/NoSuchMethodError'{0x00000000eb112368}: 'java.lang.Object java.lang.invoke.Invokers$Holder.linkToTargetMethod(java.lang.Object, int, java.lang.Object, java.lang.Object)'> (0x00000000eb112368) thrown at [./src/hotspot/share/interpreter/linkResolver.cpp, line 773]
Event: 5.729 Thread 0x000001f37c75d800 Implicit null exception at 0x000001f307b60ab0 to 0x000001f307b61cc1
Event: 5.887 Thread 0x000001f37c75d800 Exception <a 'java/lang/NoSuchMethodError'{0x00000000ea91b928}: 'void java.lang.invoke.DirectMethodHandle$Holder.invokeStaticInit(java.lang.Object, java.lang.Object, java.lang.Object)'> (0x00000000ea91b928) thrown at [./src/hotspot/share/interpreter/linkResolver.cpp, line 773]
Event: 5.888 Thread 0x000001f37c75d800 Exception <a 'java/lang/NoSuchMethodError'{0x00000000ea922ad8}: 'void java.lang.invoke.DirectMethodHandle$Holder.invokeStaticInit(java.lang.Object, java.lang.Object, java.lang.Object, java.lang.Object)'> (0x00000000ea922ad8) thrown at [./src/hotspot/share/interpreter/linkResolver.cpp, line 773]
Event: 5.893 Thread 0x000001f37c75d800 Exception <a 'java/lang/NoSuchMethodError'{0x00000000ea945628}: 'void java.lang.invoke.DirectMethodHandle$Holder.invokeStaticInit(java.lang.Object, java.lang.Object, java.lang.Object, java.lang.Object, java.lang.Object)'> (0x00000000ea945628) thrown at [./src/hotspot/share/interpreter/linkResolver.cpp, line 773]
Event: 5.948 Thread 0x000001f37c75d800 Exception <a 'java/lang/NoSuchMethodError'{0x00000000ea9bfcb0}: 'int java.lang.invoke.DirectMethodHandle$Holder.invokeStaticInit(java.lang.Object, java.lang.Object, java.lang.Object, java.lang.Object)'> (0x00000000ea9bfcb0) thrown at [./src/hotspot/share/interpreter/linkResolver.cpp, line 773]
Event: 6.256 Thread 0x000001f37c75d800 Exception <a 'java/lang/NoSuchMethodError'{0x00000000efcb1028}: 'java.lang.Object java.lang.invoke.DirectMethodHandle$Holder.invokeStatic(java.lang.Object, java.lang.Object, java.lang.Object, java.lang.Object, java.lang.Object, java.lang.Object, java.lang.Object, java.lang.Object, java.lang.Object, java.lang.Object, java.lang.Object, int)'> (0x00000000efcb1028) thrown at [./src/hotspot/share/interpreter/linkResolver.cpp, line 773]
Event: 6.260 Thread 0x000001f37c75d800 Exception <a 'java/lang/NoSuchMethodError'{0x00000000efccfc70}: 'java.lang.Object java.lang.invoke.DirectMethodHandle$Holder.invokeStatic(java.lang.Object, java.lang.Object, java.lang.Object, java.lang.Object, java.lang.Object, java.lang.Object, java.lang.Object, java.lang.Object, java.lang.Object, java.lang.Object, java.lang.Object, int, int)'> (0x00000000efccfc70) thrown at [./src/hotspot/share/interpreter/linkResolver.cpp, line 773]
Event: 6.264 Thread 0x000001f37c75d800 Exception <a 'java/lang/NoSuchMethodError'{0x00000000efcef748}: 'java.lang.Object java.lang.invoke.DirectMethodHandle$Holder.invokeStatic(java.lang.Object, java.lang.Object, java.lang.Object, java.lang.Object, java.lang.Object, java.lang.Object, java.lang.Object, java.lang.Object, java.lang.Object, java.lang.Object, java.lang.Object, int, int, java.lang.Object)'> (0x00000000efcef748) thrown at [./src/hotspot/share/interpreter/linkResolver.cpp, line 773]
Event: 6.267 Thread 0x000001f37c75d800 Exception <a 'java/lang/NoSuchMethodError'{0x00000000efb10f78}: 'java.lang.Object java.lang.invoke.DirectMethodHandle$Holder.invokeStatic(java.lang.Object, java.lang.Object, java.lang.Object, java.lang.Object, java.lang.Object, java.lang.Object, java.lang.Object, java.lang.Object, java.lang.Object, java.lang.Object, java.lang.Object, int, int, java.lang.Object, java.lang.Object)'> (0x00000000efb10f78) thrown at [./src/hotspot/share/interpreter/linkResolver.cpp, line 773]
Event: 6.270 Thread 0x000001f37c75d800 Exception <a 'java/lang/ClassNotFoundException'{0x00000000efb41270}: groovy/lang/ExpandoMetaClassBeanInfo> (0x00000000efb41270) thrown at [./src/hotspot/share/classfile/systemDictionary.cpp, line 230]
Event: 6.271 Thread 0x000001f37c75d800 Exception <a 'java/lang/ClassNotFoundException'{0x00000000efb61768}: groovy/lang/MetaClassImplBeanInfo> (0x00000000efb61768) thrown at [./src/hotspot/share/classfile/systemDictionary.cpp, line 230]
Event: 6.272 Thread 0x000001f37c75d800 Exception <a 'java/lang/ClassNotFoundException'{0x00000000efb6ab70}: java/lang/ObjectBeanInfo> (0x00000000efb6ab70) thrown at [./src/hotspot/share/classfile/systemDictionary.cpp, line 230]
Event: 6.273 Thread 0x000001f37c75d800 Exception <a 'java/lang/ClassNotFoundException'{0x00000000efb766b0}: java/lang/ObjectCustomizer> (0x00000000efb766b0) thrown at [./src/hotspot/share/classfile/systemDictionary.cpp, line 230]
Event: 6.279 Thread 0x000001f37c75d800 Exception <a 'java/lang/ClassNotFoundException'{0x00000000efb9dbc8}: groovy/lang/MetaClassImplCustomizer> (0x00000000efb9dbc8) thrown at [./src/hotspot/share/classfile/systemDictionary.cpp, line 230]
Event: 6.283 Thread 0x000001f37c75d800 Exception <a 'java/lang/ClassNotFoundException'{0x00000000efbddab8}: groovy/lang/ExpandoMetaClassCustomizer> (0x00000000efbddab8) thrown at [./src/hotspot/share/classfile/systemDictionary.cpp, line 230]

Events (20 events):
Event: 6.299 loading class org/codehaus/groovy/ast/expr/ExpressionTransformer
Event: 6.299 loading class org/codehaus/groovy/ast/expr/ExpressionTransformer done
Event: 6.299 loading class org/codehaus/groovy/ast/ClassCodeVisitorSupport
Event: 6.299 loading class org/codehaus/groovy/ast/ClassCodeVisitorSupport done
Event: 6.300 loading class org/codehaus/groovy/transform/ErrorCollecting
Event: 6.300 loading class org/codehaus/groovy/transform/ErrorCollecting done
Event: 6.300 loading class org/codehaus/groovy/ast/GroovyClassVisitor
Event: 6.300 loading class org/codehaus/groovy/ast/GroovyClassVisitor done
Event: 6.301 loading class org/codehaus/groovy/ast/CodeVisitorSupport
Event: 6.301 loading class org/codehaus/groovy/ast/CodeVisitorSupport done
Event: 6.302 loading class org/codehaus/groovy/ast/expr/LambdaExpression
Event: 6.302 loading class org/codehaus/groovy/ast/expr/LambdaExpression done
Event: 6.303 loading class org/codehaus/groovy/ast/expr/BinaryExpression
Event: 6.303 loading class org/codehaus/groovy/ast/expr/BinaryExpression done
Event: 6.303 loading class org/codehaus/groovy/ast/expr/DeclarationExpression
Event: 6.303 loading class org/codehaus/groovy/ast/expr/DeclarationExpression done
Event: 6.304 loading class org/codehaus/groovy/ast/expr/MethodPointerExpression
Event: 6.304 loading class org/codehaus/groovy/ast/expr/MethodPointerExpression done
Event: 6.304 loading class org/codehaus/groovy/ast/expr/MethodReferenceExpression
Event: 6.304 loading class org/codehaus/groovy/ast/expr/MethodReferenceExpression done


Dynamic libraries:
0x00007ff6f8590000 - 0x00007ff6f859d000 	C:\Program Files\BellSoft\LibericaJDK-11\bin\java.exe
0x00007ff93fdb0000 - 0x00007ff93ffa8000 	C:\WINDOWS\SYSTEM32\ntdll.dll
0x00007ff93ddf0000 - 0x00007ff93deaf000 	C:\WINDOWS\System32\KERNEL32.DLL
0x00007ff93da00000 - 0x00007ff93dcd2000 	C:\WINDOWS\System32\KERNELBASE.dll
0x00007ff93d4d0000 - 0x00007ff93d5d0000 	C:\WINDOWS\System32\ucrtbase.dll
0x00007ff92bc90000 - 0x00007ff92bca5000 	C:\Program Files\BellSoft\LibericaJDK-11\bin\VCRUNTIME140.dll
0x00007ff90a0d0000 - 0x00007ff90a0e7000 	C:\Program Files\BellSoft\LibericaJDK-11\bin\jli.dll
0x00007ff93f250000 - 0x00007ff93f3f1000 	C:\WINDOWS\System32\USER32.dll
0x00007ff93d9d0000 - 0x00007ff93d9f2000 	C:\WINDOWS\System32\win32u.dll
0x00007ff92d770000 - 0x00007ff92da0a000 	C:\WINDOWS\WinSxS\amd64_microsoft.windows.common-controls_6595b64144ccf1df_6.0.19041.1110_none_60b5254171f9507e\COMCTL32.dll
0x00007ff93ef20000 - 0x00007ff93efbe000 	C:\WINDOWS\System32\msvcrt.dll
0x00007ff93f070000 - 0x00007ff93f09b000 	C:\WINDOWS\System32\GDI32.dll
0x00007ff93d5d0000 - 0x00007ff93d6df000 	C:\WINDOWS\System32\gdi32full.dll
0x00007ff93dd50000 - 0x00007ff93dded000 	C:\WINDOWS\System32\msvcp_win.dll
0x00007ff93df10000 - 0x00007ff93df42000 	C:\WINDOWS\System32\IMM32.DLL
0x00007ff8f9ba0000 - 0x00007ff8f9c3b000 	C:\Program Files\BellSoft\LibericaJDK-11\bin\msvcp140.dll
0x00007ff8f3730000 - 0x00007ff8f42ab000 	C:\Program Files\BellSoft\LibericaJDK-11\bin\server\jvm.dll
0x00007ff93ec80000 - 0x00007ff93ed2e000 	C:\WINDOWS\System32\ADVAPI32.dll
0x00007ff93e680000 - 0x00007ff93e71c000 	C:\WINDOWS\System32\sechost.dll
0x00007ff93ed40000 - 0x00007ff93ee65000 	C:\WINDOWS\System32\RPCRT4.dll
0x00007ff93f460000 - 0x00007ff93f468000 	C:\WINDOWS\System32\PSAPI.DLL
0x00007ff936ea0000 - 0x00007ff936ec7000 	C:\WINDOWS\SYSTEM32\WINMM.dll
0x00007ff915820000 - 0x00007ff915829000 	C:\WINDOWS\SYSTEM32\WSOCK32.dll
0x00007ff932a20000 - 0x00007ff932a2a000 	C:\WINDOWS\SYSTEM32\VERSION.dll
0x00007ff93e2b0000 - 0x00007ff93e31b000 	C:\WINDOWS\System32\WS2_32.dll
0x00007ff93b320000 - 0x00007ff93b332000 	C:\WINDOWS\SYSTEM32\kernel.appcore.dll
0x00007ff937440000 - 0x00007ff937450000 	C:\Program Files\BellSoft\LibericaJDK-11\bin\verify.dll
0x00007ff93a3a0000 - 0x00007ff93a584000 	C:\WINDOWS\SYSTEM32\DBGHELP.DLL
0x00007ff9286a0000 - 0x00007ff9286d5000 	C:\WINDOWS\SYSTEM32\dbgcore.DLL
0x00007ff93d7e0000 - 0x00007ff93d862000 	C:\WINDOWS\System32\bcryptPrimitives.dll
0x00007ff8ff2b0000 - 0x00007ff8ff2d8000 	C:\Program Files\BellSoft\LibericaJDK-11\bin\java.dll
0x00007ff92bdd0000 - 0x00007ff92bdda000 	C:\Program Files\BellSoft\LibericaJDK-11\bin\jimage.dll
0x00007ff90a090000 - 0x00007ff90a0a8000 	C:\Program Files\BellSoft\LibericaJDK-11\bin\zip.dll
0x00007ff93f470000 - 0x00007ff93fbb4000 	C:\WINDOWS\System32\SHELL32.dll
0x00007ff93b520000 - 0x00007ff93bcb2000 	C:\WINDOWS\SYSTEM32\windows.storage.dll
0x00007ff93df50000 - 0x00007ff93e2a5000 	C:\WINDOWS\System32\combase.dll
0x00007ff93cf00000 - 0x00007ff93cf30000 	C:\WINDOWS\SYSTEM32\Wldp.dll
0x00007ff93efc0000 - 0x00007ff93f06d000 	C:\WINDOWS\System32\SHCORE.dll
0x00007ff93e720000 - 0x00007ff93e775000 	C:\WINDOWS\System32\shlwapi.dll
0x00007ff93d3e0000 - 0x00007ff93d3ff000 	C:\WINDOWS\SYSTEM32\profapi.dll
0x00007ff90a060000 - 0x00007ff90a079000 	C:\Program Files\BellSoft\LibericaJDK-11\bin\net.dll
0x00007ff933b40000 - 0x00007ff933c4c000 	C:\WINDOWS\SYSTEM32\WINHTTP.dll
0x00007ff93cbf0000 - 0x00007ff93cc5a000 	C:\WINDOWS\system32\mswsock.dll
0x00007ff900a20000 - 0x00007ff900a33000 	C:\Program Files\BellSoft\LibericaJDK-11\bin\nio.dll
0x00007ff908e40000 - 0x00007ff908e67000 	C:\Users\V\.gradle\native\e1d6ef7f7dcc3fd88c89a11ec53ec762bb8ba0a96d01ffa2cd45eb1d1d8dd5c5\windows-amd64\native-platform.dll
0x00007ff8f9450000 - 0x00007ff8f9594000 	C:\Users\V\.gradle\native\0d407fdbe67a94daf76414ababcb853783967236a71b16ec16e742cd7a986fd3\windows-amd64\native-platform-file-events.dll
0x00007ff92bcc0000 - 0x00007ff92bcc9000 	C:\Program Files\BellSoft\LibericaJDK-11\bin\management.dll
0x00007ff92b9a0000 - 0x00007ff92b9ab000 	C:\Program Files\BellSoft\LibericaJDK-11\bin\management_ext.dll
0x00007ff93cde0000 - 0x00007ff93cdf8000 	C:\WINDOWS\SYSTEM32\CRYPTSP.dll
0x00007ff93c480000 - 0x00007ff93c4b4000 	C:\WINDOWS\system32\rsaenh.dll
0x00007ff93d4a0000 - 0x00007ff93d4c7000 	C:\WINDOWS\System32\bcrypt.dll
0x00007ff93d360000 - 0x00007ff93d38e000 	C:\WINDOWS\SYSTEM32\USERENV.dll
0x00007ff93ce00000 - 0x00007ff93ce0c000 	C:\WINDOWS\SYSTEM32\CRYPTBASE.dll
0x00007ff93c8e0000 - 0x00007ff93c91b000 	C:\WINDOWS\SYSTEM32\IPHLPAPI.DLL
0x00007ff93ee70000 - 0x00007ff93ee78000 	C:\WINDOWS\System32\NSI.dll
0x00007ff936390000 - 0x00007ff9363a7000 	C:\WINDOWS\SYSTEM32\dhcpcsvc6.DLL
0x00007ff9361a0000 - 0x00007ff9361bd000 	C:\WINDOWS\SYSTEM32\dhcpcsvc.DLL
0x00007ff93c920000 - 0x00007ff93c9ea000 	C:\WINDOWS\SYSTEM32\DNSAPI.dll

dbghelp: loaded successfully - version: 4.0.5 - missing functions: none
symbol engine: initialized successfully - sym options: 0x614 - pdb path: .;C:\Program Files\BellSoft\LibericaJDK-11\bin;C:\WINDOWS\SYSTEM32;C:\WINDOWS\WinSxS\amd64_microsoft.windows.common-controls_6595b64144ccf1df_6.0.19041.1110_none_60b5254171f9507e;C:\Program Files\BellSoft\LibericaJDK-11\bin\server;C:\Users\V\.gradle\native\e1d6ef7f7dcc3fd88c89a11ec53ec762bb8ba0a96d01ffa2cd45eb1d1d8dd5c5\windows-amd64;C:\Users\V\.gradle\native\0d407fdbe67a94daf76414ababcb853783967236a71b16ec16e742cd7a986fd3\windows-amd64

VM Arguments:
jvm_args: -XX:MaxMetaspaceSize=256m -XX:+HeapDumpOnOutOfMemoryError --add-opens=java.base/java.util=ALL-UNNAMED --add-opens=java.base/java.lang=ALL-UNNAMED --add-opens=java.base/java.lang.invoke=ALL-UNNAMED --add-opens=java.base/java.util=ALL-UNNAMED --add-opens=java.prefs/java.util.prefs=ALL-UNNAMED --add-opens=java.prefs/java.util.prefs=ALL-UNNAMED --add-opens=java.base/java.nio.charset=ALL-UNNAMED --add-opens=java.base/java.net=ALL-UNNAMED --add-opens=java.base/java.util.concurrent.atomic=ALL-UNNAMED -Xms256m -Xmx512m -Dfile.encoding=windows-1251 -Duser.country=RU -Duser.language=ru -Duser.variant 
java_command: org.gradle.launcher.daemon.bootstrap.GradleDaemon 7.4
java_class_path (initial): C:\Users\V\.gradle\wrapper\dists\gradle-7.4-bin\c0gwcg53nkjbqw7r0h0umtfvt\gradle-7.4\lib\gradle-launcher-7.4.jar
Launcher Type: SUN_STANDARD

[Global flags]
     intx CICompilerCount                          = 4                                         {product} {ergonomic}
   size_t CompressedClassSpaceSize                 = 260046848                                 {product} {ergonomic}
     uint ConcGCThreads                            = 3                                         {product} {ergonomic}
     uint G1ConcRefinementThreads                  = 10                                        {product} {ergonomic}
   size_t G1HeapRegionSize                         = 1048576                                   {product} {ergonomic}
    uintx GCDrainStackTargetSize                   = 64                                        {product} {ergonomic}
     bool HeapDumpOnOutOfMemoryError               = true                                   {manageable} {command line}
   size_t InitialHeapSize                          = 268435456                                 {product} {command line}
   size_t MarkStackSize                            = 4194304                                   {product} {ergonomic}
   size_t MaxHeapSize                              = 536870912                                 {product} {command line}
   size_t MaxMetaspaceSize                         = 268435456                                 {product} {command line}
   size_t MaxNewSize                               = 321912832                                 {product} {ergonomic}
   size_t MinHeapDeltaBytes                        = 1048576                                   {product} {ergonomic}
    uintx NonNMethodCodeHeapSize                   = 5836300                                {pd product} {ergonomic}
    uintx NonProfiledCodeHeapSize                  = 122910970                              {pd product} {ergonomic}
    uintx ProfiledCodeHeapSize                     = 122910970                              {pd product} {ergonomic}
    uintx ReservedCodeCacheSize                    = 251658240                              {pd product} {ergonomic}
     bool SegmentedCodeCache                       = true                                      {product} {ergonomic}
     bool UseCompressedClassPointers               = true                                 {lp64_product} {ergonomic}
     bool UseCompressedOops                        = true                                 {lp64_product} {ergonomic}
     bool UseG1GC                                  = true                                      {product} {ergonomic}
     bool UseLargePagesIndividualAllocation        = false                                  {pd product} {ergonomic}

Logging:
Log output configuration:
 #0: stdout all=warning uptime,level,tags
 #1: stderr all=off uptime,level,tags

Environment Variables:
JAVA_HOME=C:\Program Files\BellSoft\LibericaJDK-11\
PATH=C:\Python310\Scripts\;C:\Python310\;C:\Program Files\BellSoft\LibericaJDK-11\bin\;C:\WINDOWS\system32;C:\WINDOWS;C:\WINDOWS\System32\Wbem;C:\WINDOWS\System32\WindowsPowerShell\v1.0\;C:\WINDOWS\System32\OpenSSH\;C:\Program Files\Git\cmd;C:\ProgramData\chocolatey\bin;C:\Program Files\Docker\Docker\resources\bin;C:\ProgramData\DockerDesktop\version-bin;C:\Program Files\nodejs\;C:\Program Files\PostgreSQL\14\bin;C:\Program Files\WireGuard\;C:\Users\V\AppData\Local\Microsoft\WindowsApps;C:\Users\V\AppData\Roaming\npm;C:\Users\V\AppData\Local\Programs\Microsoft VS Code\bin;C:\Program Files\OpenSSL-Win64\bin;C:\Program Files\apache-maven-3.8.6\bin;
USERNAME=V
OS=Windows_NT
PROCESSOR_IDENTIFIER=AMD64 Family 23 Model 96 Stepping 1, AuthenticAMD



---------------  S Y S T E M  ---------------

OS: Windows 10 , 64 bit Build 19041 (10.0.19041.2364)
OS uptime: 0 days 20:56 hours
Hyper-V role detected

CPU:total 12 (initial active 12) (12 cores per cpu, 2 threads per core) family 23 model 96 stepping 1 microcode 0x0, cmov, cx8, fxsr, mmx, sse, sse2, sse3, ssse3, sse4.1, sse4.2, popcnt, avx, avx2, aes, clmul, mmxext, 3dnowpref, lzcnt, sse4a, ht, tsc, tscinvbit, tscinv, bmi1, bmi2, adx, sha, fma

Memory: 4k page, system-wide physical 15741M (699M free)
TotalPageFile size 30741M (AvailPageFile size 8M)
current process WorkingSet (physical memory assigned to process): 273M, peak: 277M
current process commit charge ("private bytes"): 454M, peak: 458M

vm_info: OpenJDK 64-Bit Server VM (11.0.15.1+2-LTS) for windows-amd64 JRE (11.0.15.1+2-LTS), built on May 26 2022 19:26:10 by "" with unknown MS VC++:1916

END.
